5/24/2026 5:00:16 PM | ADD | REC20424445
5/24/2026 5:24:44 PM | ADD | REC04274796
5/24/2026 5:24:46 PM | ERROR | Malformed record
5/24/2026 5:25:14 PM | ERROR | Malformed record
5/24/2026 5:25:29 PM | ERROR | Malformed record
5/24/2026 5:25:29 PM | UPDATE | REC04274796
5/24/2026 5:44:59 PM | ADD | REC92470450
5/24/2026 5:45:10 PM | DELETE | 
5/24/2026 5:45:26 PM | READ | Viewed Records
5/24/2026 5:45:36 PM | DELETE | REC92470450
5/24/2026 5:45:44 PM | READ | Viewed Records
5/24/2026 5:46:12 PM | HARD DELETE | REC04274796
5/24/2026 5:46:21 PM | READ | Viewed Records
5/24/2026 5:46:40 PM | READ | Viewed Records
5/24/2026 5:46:45 PM | READ | Viewed Records
5/24/2026 5:46:51 PM | ADD | REC66686397
5/24/2026 5:46:54 PM | READ | Viewed Records
5/24/2026 5:47:00 PM | READ | Viewed Records
5/24/2026 5:47:23 PM | DELETE | REC66686397
5/24/2026 5:47:25 PM | READ | Viewed Records
